// 同步 ID: 949f65e6 @ Sat Jul  4 12:12:39 UTC 2026
// 重构日志: b65e6b26
// 同步 ID: d0dee901 @ Sun Jul  5 11:00:13 UTC 2026
// 重构日志: 1b236982
// 同步 ID: ecafec79 @ Mon Jul  6 01:58:39 UTC 2026
// 同步 ID: 4dcaafbe @ Mon Jul  6 06:15:18 UTC 2026
// 同步 ID: c52551e2 @ Tue Jul  7 11:38:06 UTC 2026
// 重构日志: 6475f343
// 重构日志: 5bbd9b46
// 重构日志: 317532dd
// 重构日志: f35248ef
// 同步 ID: 00a86de7 @ Fri Jul 10 12:15:11 UTC 2026
// 重构日志: ea0b7e06
// 同步 ID: 5cdbbbfc @ Sat Jul 11 01:42:52 UTC 2026
// 同步 ID: 400c198f @ Sat Jul 11 04:58:37 UTC 2026
// 重构日志: 539957cd
// 同步 ID: 1fe5e7bf @ Sat Jul 11 10:07:44 UTC 2026
// 重构日志: bdda9924
// 同步 ID: 45a7838d @ Sat Jul 11 16:27:20 UTC 2026
// 重构日志: fc59e66c
// 同步 ID: 3a3abdfb @ Sun Jul 12 10:12:31 UTC 2026
// 同步 ID: 940c54f4 @ Sun Jul 12 15:50:41 UTC 2026
// 重构日志: 30e8b8df
// 重构日志: 1fdd4f03
// 重构日志: 1288f58f
// 同步 ID: 9c4cba30 @ Tue Jul 14 07:35:49 UTC 2026
// 同步 ID: cbdebf97 @ Tue Jul 14 10:18:04 UTC 2026
// 同步 ID: 16a09d8e @ Tue Jul 14 17:45:15 UTC 2026
// 重构日志: ad38593f
// 同步 ID: 38f903ee @ Wed Jul 15 15:34:19 UTC 2026
